<?xml version="1.0" encoding="UTF-8"?>
<!-- Generated by org.testng.reporters.JUnitReportReporter -->
<testsuite skipped="0" hostname="saroj" name="qaclickacademy.SeleniumTest" tests="1" failures="0" timestamp="2020-08-11T16:56:48 IST" time="0.014" errors="0">
  <testcase name="elementsUINew" time="0.014" classname="qaclickacademy.SeleniumTest"/>
  <system-out/>
</testsuite> <!-- qaclickacademy.SeleniumTest -->
